<?xml version="1.0" encoding="UTF-8"?>
<testng-results ignored="0" total="2" passed="2" failed="0" skipped="0">
  <reporter-output>
  </reporter-output>
  <suite started-at="2020-11-22T19:34:06 EST" name="Suite" finished-at="2020-11-22T19:34:13 EST" duration-ms="7108">
    <groups>
    </groups>
    <test started-at="2020-11-22T19:34:06 EST" name="Test" finished-at="2020-11-22T19:34:13 EST" duration-ms="7108">
      <class name="com.test1">
        <test-method signature="launchBr()[pri:0, instance:com.test1@44f75083]" started-at="2020-11-22T19:34:06 EST" name="launchBr" finished-at="2020-11-22T19:34:13 EST" duration-ms="7078" status="PASS">
          <reporter-output>
          </reporter-output>
        </test-method> <!-- launchBr -->
        <test-method signature="test()[pri:0, instance:com.test1@44f75083]" started-at="2020-11-22T19:34:13 EST" name="test" finished-at="2020-11-22T19:34:13 EST" duration-ms="1" status="PASS">
          <reporter-output>
          </reporter-output>
        </test-method> <!-- test -->
      </class> <!-- com.test1 -->
    </test> <!-- Test -->
  </suite> <!-- Suite -->
</testng-results>
