<?xml version="1.0" encoding="UTF-8"?>
<testng-results ignored="0" total="1" passed="1" failed="0" skipped="0">
  <reporter-output>
  </reporter-output>
  <suite started-at="2020-11-22T08:57:16 EST" name="Suite" finished-at="2020-11-22T08:57:16 EST" duration-ms="39">
    <groups>
    </groups>
    <test started-at="2020-11-22T08:57:16 EST" name="Test" finished-at="2020-11-22T08:57:16 EST" duration-ms="39">
      <class name="com.test1">
        <test-method signature="test()[pri:0, instance:com.test1@1d76aeea]" started-at="2020-11-22T08:57:16 EST" name="test" finished-at="2020-11-22T08:57:16 EST" duration-ms="7" status="PASS">
          <reporter-output>
          </reporter-output>
        </test-method> <!-- test -->
      </class> <!-- com.test1 -->
    </test> <!-- Test -->
  </suite> <!-- Suite -->
</testng-results>
